wool,corn,milk,beef,wheat,potatoes,iron,coal,gold,silver,copper,tin
43,37,29,53,38,28,21,15,122,112,93,65
40,40,27,38,32,23,31,17,175,136,108,51
40,40,24,42,37,32,22,24,155,128,91,69
44,50,28,43,37,23,32,26,114,131,87,64
41,49,28,47,46,25,33,18,179,136,91,73
37,49,27,50,30,26,33,18,149,96,72,70
34,52,34,40,45,30,30,26,119,96,104,56
38,53,24,47,45,26,25,19,135,91,92,65
40,39,32,47,46,31,30,25,179,95,84,49
47,44,27,55,38,35,30,24,164,107,102,62
40,49,27,42,33,37,33,17,144,123,98,65
45,53,37,47,45,32,36,21,125,100,87,63
40,45,35,43,34,28,28,26,125,124,110,63
42,52,37,45,40,37,34,24,188,102,91,57
43,54,36,45,40,37,25,25,185,127,88,73
39,52,28,41,47,35,33,26,154,139,114,55
40,58,38,44,38,29,30,23,155,114,84,52
40,52,35,48,45,30,31,21,137,143,98,52
43,51,38,45,41,33,29,28,181,129,107,76
47,44,32,56,42,27,32,19,188,141,90,67
37,45,35,53,40,32,27,28,193,130,111,76
48,51,34,57,41,38,36,28,158,144,88,74
44,44,37,52,45,28,33,26,176,122,93,77
43,57,39,53,46,37,32,29,188,135,103,77
41,58,35,56,48,38,32,27,196,147,98,64
38,58,33,56,45,29,30,25,188,124,109,58
48,53,38,57,43,33,30,28,144,143,91,76
41,48,38,47,48,31,38,28,164,112,102,77
40,54,31,46,39,34,34,25,173,132,113,72
45,56,38,46,47,29,37,26,194,115,100,78
40,58,33,55,39,33,38,21,155,135,116,63
41,46,32,57,44,33,38,24,167,113,102,77
48,46,35,47,47,35,38,29,176,135,117,70
48,49,39,56,45,37,36,29,171,140,117,77
42,59,37,51,48,39,35,26,167,117,118,72
46,48,35,57,41,39,36,24,188,135,119,77
47,51,31,49,40,32,39,29,187,136,102,65
40,59,39,59,44,38,36,29,174,132,115,79
46,57,31,52,41,34,38,29,194,146,103,77
46,56,39,50,41,40,34,27,188,132,103,77
50,60,37,52,43,39,36,26,164,145,114,75
46,50,37,59,48,39,35,29,191,125,116,79
50,59,40,50,49,35,39,25,196,135,117,77
42,59,35,59,43,38,40,25,174,150,119,72
41,57,38,54,49,40,38,28,181,131,114,70
47,58,39,54,47,37,40,26,182,150,120,67
44,52,39,60,50,36,40,26,199,146,119,69
47,59,39,59,49,39,40,28,196,142,119,79
47,57,40,59,49,39,39,26,172,129,119,77
48,53,37,58,45,40,40,30,184,150,111,77
44,54,39,55,50,37,38,25,196,141,118,71
49,56,39,55,49,40,34,26,186,132,105,79
49,53,39,57,48,40,39,30,196,144,119,71
47,53,39,58,47,37,38,25,188,146,119,80
44,59,38,57,48,36,40,29,198,148,120,79
47,60,38,59,50,38,39,30,199,145,106,75
49,56,39,59,49,39,39,28,185,145,109,80
48,57,37,58,50,39,39,27,200,150,120,80
49,60,39,58,46,38,40,29,182,148,118,79
50,58,39,60,45,37,39,29,198,142,114,80
49,59,38,59,49,40,40,30,199,150,117,79
49,59,39,59,49,40,40,27,200,150,119,78
48,59,37,59,50,39,40,28,199,148,120,79
49,59,40,58,46,38,37,29,184,138,120,79
48,59,38,58,47,39,39,30,197,147,111,78
49,59,40,59,47,39,39,30,199,147,119,79
49,58,39,59,48,40,38,29,200,149,119,80
49,58,38,57,49,39,39,29,189,150,118,79
50,60,38,59,47,39,38,28,191,147,120,77
48,59,40,59,48,40,39,29,193,146,120,79
48,59,39,58,48,39,40,29,197,148,117,79
49,59,37,60,48,39,39,28,198,148,118,80
48,59,38,59,50,38,38,29,199,148,119,76
49,58,40,59,49,39,40,29,197,148,119,77
49,58,40,57,47,37,40,28,200,146,115,80
49,58,37,60,48,39,39,30,193,146,118,77
50,59,39,59,49,39,39,29,199,149,115,77
50,59,39,60,49,40,37,29,199,148,118,78
50,59,40,58,47,39,40,29,200,142,115,79
47,59,39,58,48,38,38,29,199,145,119,74
50,58,38,59,49,39,39,29,195,143,119,77
46,59,39,60,49,39,38,29,197,148,117,77
47,58,39,59,48,40,40,30,197,143,118,79
50,56,39,60,49,39,40,29,191,147,116,75
49,57,39,58,48,36,39,27,197,148,118,78
46,57,38,60,49,38,39,30,200,150,119,74
48,56,39,60,48,39,40,29,199,148,118,80
50,60,39,59,48,39,39,29,197,141,120,79
49,59,35,60,44,39,35,26,198,142,120,79
49,59,40,59,49,39,35,27,176,139,120,76
48,60,39,58,48,37,39,29,200,149,112,79
49,57,40,54,49,40,40,30,200,149,119,79
49,60,40,59,49,35,38,29,200,150,117,80
50,54,38,59,48,39,38,29,197,129,117,80
50,57,40,53,49,39,39,29,188,150,118,75
46,55,38,59,50,40,35,30,172,137,115,78
47,58,40,55,43,33,34,28,200,143,103,80
49,57,40,58,49,35,39,26,197,149,120,80
43,56,39,60,45,38,40,27,176,142,119,74
46,57,37,59,49,34,39,24,183,149,113,80
44,59,38,54,45,39,34,26,200,149,114,77
48,53,38,60,41,33,39,25,185,148,109,75
50,52,37,58,49,37,40,28,197,147,114,80
42,59,34,51,48,38,39,25,200,135,120,76
50,55,39,54,47,39,35,29,190,150,119,71
48,59,32,55,49,32,32,23,200,135,116,75
49,60,38,52,47,39,37,28,178,119,107,73
45,59,31,54,48,35,38,25,173,142,102,77
48,57,39,48,44,38,38,28,175,131,108,78
40,57,30,51,39,39,39,29,167,127,115,76
45,51,37,57,47,32,35,29,190,145,118,64
46,56,38,59,45,30,39,28,180,117,104,69
41,59,30,49,47,39,33,22,198,147,92,73
38,54,32,59,48,39,37,26,197,115,89,74
45,59,39,55,46,32,30,23,185,141,98,71
40,58,38,54,40,34,31,23,175,148,93,64
46,58,29,48,48,29,31,29,164,148,94,76
39,55,29,54,42,36,33,23,194,140,107,59
42,58,33,55,47,39,38,20,172,113,106,63
43,58,29,58,44,35,38,28,186,136,115,70
47,56,36,57,46,31,33,21,191,125,85,67
40,49,38,44,44,38,34,26,188,135,117,55
41,53,36,44,47,35,29,22,183,117,91,62
44,52,32,57,48,35,33,25,137,142,84,57
35,45,37,58,47,34,33,20,184,145,100,73
40,53,33,55,38,28,30,29,146,145,98,77
46,46,34,52,45,29,34,23,189,136,81,64
44,51,35,41,36,36,30,28,170,134,102,53
38,53,32,53,35,26,32,23,158,135,82,65
43,57,26,56,34,26,33,22,175,143,95,51
38,57,30,43,38,35,30,26,188,119,83,75
45,41,26,53,39,37,27,26,146,140,101,60
45,43,35,46,37,32,35,21,167,103,91,69
43,53,25,54,45,32,34,22,135,135,112,51
33,51,28,42,46,35,36,17,137,136,84,74
31,55,30,47,42,30,34,17,179,99,111,71
32,54,36,46,46,29,26,26,165,134,90,60
43,41,34,39,35,32,33,16,175,136,104,59
38,38,25,53,35,29,29,25,127,115,90,52
35,53,28,49,36,29,28,22,183,97,88,47
44,49,29,49,40,26,31,23,176,96,88,60
33,42,32,49,30,29,25,21,169,123,108,62
44,50,25,39,34,31,31,19,148,132,99,66
35,46,34,40,45,30,28,16,146,99,97,69
31,37,34,43,37,35,30,16,164,95,84,47
43,49,32,36,32,34,21,19,135,132,103,63
44,51,27,40,37,21,24,23,118,112,100,44
31,43,27,46,32,30,22,17,127,106,97,50
40,36,33,52,38,23,27,23,164,110,93,66
38,42,31,35,43,34,24,16,131,110,67,57
39,43,32,35,31,25,28,19,150,107,78,62
31,46,21,46,35,32,31,22,154,113,96,50
40,46,34,52,43,23,25,20,101,79,77,40
40,46,29,46,37,24,34,14,130,124,94,42
38,36,32,38,36,33,28,17,167,119,88,49
38,49,31,47,26,32,30,19,149,115,74,60
27,38,20,34,38,30,20,16,126,80,63,65
38,31,24,38,41,18,21,17,148,104,94,50
30,36,32,33,41,32,28,12,140,77,68,56
25,41,25,33,34,28,33,16,152,118,58,47
34,38,25,50,36,25,28,16,150,88,93,42
34,50,18,40,34,27,30,23,158,96,75,62
33,36,17,38,26,28,20,20,123,67,84,44
35,32,29,39,25,23,30,19,143,66,79,57
39,30,27,46,38,23,27,22,152,116,66,54
37,39,17,32,23,31,17,19,140,85,61,59
29,31,22,48,24,28,19,14,122,115,87,57
27,21,10,22,25,26,35,24,200,147,96,34
24,20,10,23,18,33,38,29,193,136,109,49
16,20,10,24,19,23,33,27,189,118,96,42
16,27,13,27,22,24,28,29,197,144,80,42
16,20,12,24,20,30,29,29,197,142,73,58
26,21,10,30,26,34,37,26,200,148,109,52
18,20,11,25,25,26,37,29,188,116,69,59
15,21,10,23,29,28,31,28,188,142,76,31
27,21,13,33,19,30,37,30,186,138,91,50
22,20,14,28,22,32,39,30,199,129,91,46
24,20,10,34,27,33,36,29,179,147,73,35
16,20,10,33,22,32,34,29,193,145,91,51
26,20,14,28,20,32,34,28,200,132,105,40
24,22,10,33,22,35,36,28,188,142,88,31
18,20,10,22,33,26,38,29,195,146,76,45
26,20,10,27,24,28,36,30,175,146,88,55
20,24,13,28,25,22,34,29,200,145,68,54
20,20,10,22,32,35,39,29,199,142,62,33
15,20,10,23,26,36,34,29,183,129,93,37
22,21,10,22,38,25,34,29,175,134,61,42
25,20,11,22,27,30,39,30,179,103,86,26
20,20,15,38,38,26,38,29,175,124,58,29
18,20,11,29,28,29,39,29,183,113,57,33
15,20,15,27,30,34,33,29,187,135,93,46
21,20,10,25,31,36,36,29,195,130,80,37
19,22,16,26,40,34,35,29,193,119,70,33
22,20,10,26,35,27,33,29,200,131,66,26
15,20,10,36,35,36,39,30,164,119,81,32
15,21,10,33,26,29,39,28,167,99,52,29
15,20,12,27,35,36,38,30,197,132,87,46
15,20,10,30,34,27,38,29,173,97,58,36
18,20,14,39,37,37,40,29,193,103,51,25
17,21,13,27,30,28,34,29,180,119,89,45
18,20,13,25,30,35,39,27,170,123,80,23
16,20,11,27,38,29,38,29,186,112,65,31
15,20,17,40,36,37,36,29,197,101,61,24
16,22,14,35,38,35,40,29,158,98,81,44
16,22,12,31,43,34,40,28,194,116,75,41
15,23,14,38,40,32,39,28,185,101,47,28
16,23,11,29,43,32,40,30,164,124,45,23
20,20,19,37,44,33,39,29,195,127,60,29
15,21,13,30,43,34,40,29,181,109,53,31
16,22,13,32,44,33,39,29,182,92,65,25
15,20,21,42,29,38,40,29,155,92,61,25
16,20,17,44,37,38,38,26,176,124,53,35
15,22,10,46,43,31,39,26,140,114,61,20
17,20,14,32,38,37,40,27,152,75,53,36
15,27,14,28,34,32,39,28,162,79,52,24
15,20,11,42,30,36,39,25,191,123,65,35
18,23,14,43,44,39,37,26,191,122,78,23
17,22,20,36,31,37,38,26,146,85,50,36
15,21,17,37,36,34,38,26,139,117,55,20
17,21,15,36,31,36,39,24,183,96,46,21
15,23,17,31,43,35,38,29,191,71,58,24
15,24,13,32,47,38,39,29,139,120,49,27
15,27,15,40,45,40,40,25,137,119,39,23
16,29,25,32,43,36,38,29,141,79,55,20
15,20,13,47,47,40,38,23,169,103,46,25
15,20,21,36,47,40,38,25,155,76,63,22
15,22,13,46,37,39,39,29,176,76,71,24
16,21,17,33,43,34,39,27,121,93,62,26
16,23,25,41,36,38,37,29,135,75,34,29
15,23,22,36,42,40,38,29,143,68,41,21
15,21,18,35,40,39,37,22,137,113,53,20
17,21,24,33,44,38,40,28,175,77,35,22
16,31,16,34,42,37,38,27,161,88,65,27
16,24,27,34,46,39,39,29,114,90,43,23
16,26,23,38,44,39,39,21,172,74,36,21
16,33,16,35,44,39,38,28,140,59,59,22
18,29,14,35,43,37,39,25,113,98,32,20
16,24,16,41,44,38,39,29,122,63,37,25
15,33,22,52,41,39,40,27,146,64,34,20
15,22,27,50,49,40,39,28,113,62,42,20
19,30,21,40,46,39,40,28,109,55,39,22
15,22,26,53,49,37,38,21,174,76,60,21
16,31,21,46,42,40,39,28,101,93,56,26
15,29,17,41,43,39,38,21,108,79,31,25
15,36,29,46,46,36,35,28,128,86,33,20
15,21,23,46,48,39,40,28,169,60,41,20
15,25,22,39,40,39,40,28,167,85,47,20
22,25,29,56,48,38,34,22,154,76,44,20
20,27,25,44,43,40,33,26,141,68,46,20
21,23,22,49,47,39,36,25,139,67,31,20
21,24,29,56,41,38,40,19,107,54,31,20
17,33,29,50,46,39,38,24,130,70,36,20
22,27,31,46,43,39,34,27,128,83,32,20
15,22,23,56,49,39,40,19,125,47,38,20
18,40,21,55,50,39,33,25,122,70,51,20
17,29,28,47,49,39,39,27,146,65,31,20
21,26,30,48,46,40,35,17,143,89,30,20
20,25,23,48,44,40,32,21,87,59,38,24
19,41,24,55,46,38,39,23,108,68,39,20
15,37,32,47,44,37,39,17,148,85,30,20
19,29,23,43,47,39,37,26,137,69,38,20
19,33,20,51,48,39,39,23,110,80,37,20
16,36,20,44,49,39,37,20,103,43,30,20
22,38,20,54,47,38,32,16,126,69,31,22
22,32,30,50,49,39,34,25,148,71,31,21
24,41,28,55,44,40,37,22,84,67,30,20
20,38,22,56,44,35,32,23,141,49,30,23
23,35,29,51,49,39,37,15,128,54,32,20
17,37,35,57,49,40,34,14,86,52,30,20
27,28,24,59,49,40,34,24,130,54,35,20
18,32,29,56,49,39,34,16,119,42,36,20
21,40,27,52,47,34,34,16,139,48,38,24
18,37,25,53,49,39,30,24,101,53,31,26
18,30,31,59,46,38,29,25,89,41,30,20
28,28,22,48,50,35,38,14,77,60,30,23
19,33,31,53,48,39,32,16,70,41,30,20
23,37,35,59,50,36,36,14,73,50,30,20
24,30,26,51,50,39,27,22,83,47,30,31
29,34,36,56,49,35,32,13,93,40,30,23
31,39,34,59,47,39,38,15,126,57,30,20
24,43,36,58,50,37,26,14,123,40,30,27
25,32,24,57,49,40,32,21,123,43,33,25
22,32,30,51,48,34,28,14,60,54,31,24
28,37,30,50,50,32,34,17,104,46,30,31
18,42,30,58,48,39,24,22,98,60,30,30
18,50,29,55,47,39,34,12,71,40,32,26
25,50,33,57,50,37,36,12,99,40,31,36
30,43,27,58,49,37,23,22,92,55,32,30
22,38,30,58,49,32,34,11,70,49,31,23
33,46,38,58,50,38,25,16,73,40,30,20
22,47,34,58,49,32,27,18,59,40,35,20
24,37,31,60,50,30,34,22,89,40,30,20
29,33,31,59,47,32,28,15,80,40,30,35
26,44,27,60,49,33,32,13,66,40,35,20
20,50,31,59,50,39,32,19,97,41,32,25
30,51,37,56,47,38,32,11,61,47,33,29
26,35,37,59,49,39,24,13,80,41,39,29
34,38,29,57,50,30,28,16,80,41,34,26
24,42,36,59,45,31,35,10,66,45,34,24
28,50,32,57,49,36,31,11,54,41,42,22
25,46,38,57,48,32,32,11,60,42,31,43
27,47,30,59,46,32,32,16,99,41,36,22
32,41,37,57,44,38,30,17,64,44,30,32
28,50,34,56,46,27,22,10,91,40,31,23
28,54,33,56,44,37,27,7,55,46,35,26
34,50,38,60,48,30,29,8,62,40,43,31
34,47,33,56,50,33,27,10,75,42,34,40
29,48,32,56,46,35,23,13,91,40,32,25
33,51,33,59,48,32,20,8,83,41,37,38
26,46,37,58,47,34,29,17,52,41,41,25
26,49,38,58,45,38,21,14,62,43,34,40
40,50,39,59,45,30,31,16,59,41,30,32
32,48,35,59,47,25,17,7,50,41,33,36
41,53,40,57,43,31,17,16,65,46,30,29
37,53,39,58,45,24,23,10,52,44,37,40
24,53,40,59,48,31,25,16,52,40,30,39
27,44,36,56,50,27,26,7,53,44,35,47
26,47,39,59,48,36,29,13,51,46,35,50
36,56,34,58,48,32,18,6,71,48,32,28
28,43,34,59,47,28,24,12,66,44,42,26
40,57,39,59,41,35,26,6,69,40,53,36
28,57,38,57,44,36,29,5,63,47,34,44
37,56,40,58,41,36,28,14,51,40,33,35
41,46,39,56,47,23,17,7,50,41,47,38
35,55,35,59,49,34,19,14,61,41,38,54
34,53,37,59,45,27,26,13,61,41,54,54
36,58,39,59,47,32,22,6,53,40,43,35
42,47,40,57,41,24,24,6,50,40,50,29
41,51,40,59,45,31,21,8,53,51,33,45
39,59,39,53,47,25,26,13,59,40,36,47
37,46,40,53,37,30,19,7,65,44,49,57
34,58,37,54,44,21,18,13,53,41,58,49
38,49,39,59,36,25,17,11,65,45,32,39
41,47,40,58,43,34,15,5,50,40,55,60
40,58,38,59,42,26,22,10,62,40,34,50
41,59,37,59,35,26,20,7,56,51,37,52
34,57,40,55,44,30,18,10,50,49,52,47
44,50,39,54,47,18,18,8,50,42,34,49
41,59,39,59,45,31,16,9,62,64,56,39
38,52,38,60,43,30,21,10,55,44,48,54
41,58,39,59,42,21,14,5,61,40,56,47
44,53,39,60,39,19,15,5,56,58,70,56
37,57,39,51,37,26,12,5,50,65,41,55
37,56,38,50,37,31,16,7,55,57,44,61
41,53,39,59,33,23,14,5,51,57,38,55
35,58,38,56,33,31,14,9,50,41,39,45
41,58,38,48,39,25,18,5,50,57,67,55
44,59,40,49,33,27,21,6,52,66,60,46
48,59,39,51,34,26,18,5,53,41,79,60
35,59,40,51,30,22,17,5,52,68,46,55
34,60,39,54,44,16,12,7,64,42,58,45
36,58,39,55,38,28,14,5,50,62,74,57
39,56,37,50,32,29,13,6,56,41,48,63
38,60,38,59,41,21,13,6,60,72,50,65
44,58,36,49,45,17,19,5,66,64,64,59
42,60,39,51,44,19,16,8,58,67,43,50
43,59,39,51,38,20,10,5,68,57,76,69
41,60,38,51,35,19,16,8,51,41,72,47
39,59,37,56,39,21,13,5,50,42,67,60
48,59,38,44,38,23,11,6,53,44,70,59
45,56,36,51,43,27,20,5,53,48,49,55
49,59,35,58,39,16,16,5,51,68,51,45
49,59,38,51,30,14,15,5,59,76,88,66
49,59,35,53,31,18,13,5,53,70,51,57
45,58,39,52,40,21,10,5,50,46,66,47
48,56,38,45,27,22,13,6,50,49,88,50
49,59,40,49,26,17,10,5,54,82,88,64
49,60,40,56,34,15,14,5,80,57,89,74
49,56,37,47,38,18,10,5,50,76,92,65
44,58,34,53,26,25,10,5,51,82,79,64
47,57,37,52,35,20,13,5,53,83,91,59
49,57,35,55,26,23,11,5,55,88,57,73
50,58,33,51,40,15,11,5,50,88,84,52
49,57,34,41,27,13,11,5,62,71,92,66
49,58,37,47,23,13,16,5,60,60,57,65
49,59,37,50,34,14,10,5,50,92,88,71
50,59,35,50,23,12,14,5,56,49,64,70
48,60,39,52,24,21,15,6,91,65,96,74
47,58,36,50,25,18,14,5,55,92,97,57
43,59,39,49,38,12,11,5,59,63,79,74
49,59,38,41,30,15,12,5,58,88,98,57
48,60,39,54,38,11,10,6,53,88,82,77
45,59,34,50,23,12,12,7,71,85,79,57
49,59,36,38,21,20,10,5,92,70,79,67
49,59,36,52,20,16,12,5,91,99,73,58
44,59,37,38,27,11,10,5,52,68,101,67
49,57,34,48,25,14,10,5,86,65,103,77
49,59,32,43,28,11,13,5,75,66,63,73
50,60,31,52,29,11,13,5,101,75,74,62
47,60,37,50,30,11,10,8,62,87,70,75
49,53,34,52,26,17,13,5,71,97,102,78
48,59,34,41,32,12,10,5,103,64,106,72
46,56,38,35,25,10,10,9,83,90,84,73
48,59,30,52,27,10,13,6,77,71,100,76
49,56,38,36,28,18,12,8,67,104,82,75
49,60,28,51,27,11,11,8,63,96,108,75
49,52,30,41,33,11,10,8,117,73,82,70
49,59,29,40,33,16,10,5,93,106,78,69
49,55,36,37,33,10,10,10,65,64,103,67
47,57,35,36,19,11,11,6,97,79,87,77
48,51,27,45,30,17,10,6,94,108,108,79
49,57,30,42,32,12,10,5,89,105,103,80
50,56,36,42,29,16,11,9,118,120,98,67
49,60,24,40,24,10,11,5,61,113,108,71
48,58,33,44,27,11,12,10,98,93,88,76
49,52,32,31,22,11,10,7,121,124,114,73
49,58,25,40,22,15,10,10,68,70,96,73
48,59,27,35,18,11,10,5,84,105,88,77
47,53,30,31,22,10,10,9,97,99,82,78
50,56,34,43,19,10,10,11,101,106,112,80
49,59,25,28,16,11,11,5,119,109,114,71
47,52,23,40,17,10,11,5,89,103,82,80
50,59,26,33,18,11,13,7,71,98,115,73
49,59,27,31,24,13,10,7,116,118,116,75
47,53,29,35,18,14,11,6,89,96,84,80
48,50,35,40,20,10,10,8,85,93,88,80
46,47,21,42,18,12,10,12,80,125,113,79
49,45,33,33,21,13,10,6,108,81,101,73
46,51,26,39,16,12,10,6,103,98,93,79
49,58,26,27,17,10,10,14,127,101,103,79
47,47,29,25,22,11,10,10,74,135,115,75
50,55,32,27,21,10,11,11,122,90,95,72
49,51,27,43,26,13,10,8,87,122,116,80
45,56,31,31,16,11,10,11,109,98,118,79
49,43,21,31,15,10,10,14,130,134,119,78
44,49,29,38,17,10,10,9,134,117,104,80
50,57,25,33,15,10,13,10,134,92,111,79
43,51,32,25,15,10,11,6,139,105,110,77
48,49,26,36,24,11,11,9,104,139,115,79
48,47,22,26,18,10,14,6,104,140,119,80
49,57,29,28,23,11,16,16,93,113,119,77
46,51,27,30,15,10,10,9,140,113,114,75
45,52,22,37,18,10,10,11,93,135,105,77
49,48,29,35,20,12,13,7,128,114,101,79
44,49,22,22,18,10,10,7,126,118,111,76
46,47,19,38,15,11,10,11,144,117,99,80
48,51,31,25,15,10,10,9,146,130,120,80
43,53,25,32,20,10,10,8,144,107,102,80
49,38,23,28,15,11,11,7,105,129,102,79
45,43,24,31,17,10,12,8,121,132,118,77
40,53,21,36,16,12,11,13,135,141,114,77
49,54,21,32,15,11,17,8,158,115,115,73
43,54,16,34,15,10,17,13,101,123,119,80
43,51,16,22,15,10,19,12,149,122,111,79
38,49,26,26,15,10,13,13,158,115,119,80
49,52,27,25,15,10,10,16,117,127,119,78
45,40,20,26,15,10,11,9,144,110,111,79
45,37,24,29,15,10,15,10,108,142,118,79
49,44,15,31,15,10,11,11,162,126,118,79
44,41,20,29,19,11,17,21,117,125,112,79
48,37,26,25,15,10,17,13,179,124,118,79
42,50,26,26,15,14,17,14,117,128,118,79
37,50,22,31,15,15,16,11,128,146,111,78
44,46,16,23,15,10,13,21,160,131,118,78
40,42,22,29,15,12,19,18,156,134,112,74
38,49,14,30,15,10,19,16,118,147,118,77
48,37,26,30,16,12,17,21,167,142,113,78
34,32,18,26,15,13,14,16,155,145,118,74
47,44,24,27,17,10,23,20,146,148,120,73
46,40,15,20,15,10,20,13,131,127,117,78
43,33,15,26,15,10,14,17,186,122,116,68
38,41,21,20,15,11,12,20,165,139,118,65
37,47,18,30,15,14,13,14,126,150,115,71
40,39,22,20,15,10,22,17,186,125,116,71
37,37,15,25,15,17,12,16,182,147,119,72
39,38,17,20,15,12,21,16,185,149,113,66
45,38,23,24,15,12,15,13,156,134,118,79
39,33,14,23,15,12,16,24,184,150,118,75
41,28,22,21,15,13,23,16,135,148,119,72
31,45,11,20,16,10,17,13,175,132,118,67
43,32,14,20,18,19,15,15,189,149,114,79
37,39,18,20,17,15,15,14,143,139,117,75
39,38,11,20,17,15,25,19,158,149,118,74
38,40,11,25,15,12,13,22,143,149,120,70
43,37,20,20,19,12,25,24,160,148,119,67
30,45,11,21,15,17,20,16,197,146,119,74
39,31,16,22,16,12,15,16,160,148,111,62
28,26,19,23,16,14,14,18,161,142,118,74
29,40,18,20,15,11,27,24,164,150,119,62
36,37,13,22,20,11,14,21,179,141,119,70
35,31,16,20,15,10,26,21,179,150,119,76
38,29,11,25,15,12,16,16,181,147,118,71
34,42,12,21,18,18,16,23,197,148,119,70
30,27,14,20,19,17,25,16,185,149,120,66
37,40,10,20,15,17,16,25,179,142,103,65
37,34,17,20,19,16,18,22,190,148,116,67
40,29,15,20,15,11,18,21,197,149,115,75
26,25,14,20,16,17,27,25,169,148,119,59
25,38,17,22,20,15,20,24,195,149,120,76
29,39,11,21,19,13,19,19,165,145,120,60
41,27,10,22,15,22,23,26,200,148,120,71
28,29,13,21,20,18,24,26,192,143,120,68
39,32,17,20,15,14,21,26,199,150,116,75
36,39,12,22,16,13,21,22,167,145,107,65
27,30,11,21,20,19,19,27,178,147,118,71
29,38,10,20,23,24,25,21,188,146,118,50
23,22,15,20,22,17,23,23,181,148,108,73
35,26,10,23,18,14,24,25,193,146,115,52
27,25,11,20,20,24,22,22,169,148,94,55
36,22,12,20,24,13,28,19,199,143,102,65
27,33,10,20,19,23,20,26,199,138,110,66
33,36,10,20,15,18,32,26,199,150,115,63
31,23,10,20,15,27,30,27,193,139,117,50
31,28,10,20,17,18,32,28,198,138,119,47
30,21,10,21,16,13,21,27,189,147,108,51
30,32,11,20,23,20,20,28,188,138,92,66
30,34,10,22,23,20,21,21,188,150,95,69
20,27,10,21,15,20,24,27,200,147,111,60
29,24,10,20,16,18,27,26,200,139,118,42
23,21,10,20,18,27,24,22,200,141,100,56
32,23,10,20,27,24,35,24,194,145,94,57
20,20,11,20,18,22,35,29,197,146,114,67
25,21,10,20,27,29,32,26,185,142,105,64
30,29,10,23,16,23,34,29,199,144,114,66
23,32,11,21,17,28,23,24,197,146,113,51
28,21,10,21,16,24,25,27,198,148,87,64
28,20,10,25,28,16,31,29,194,150,108,62
30,23,12,23,23,25,32,29,199,140,112,40
23,24,10,28,22,26,32,24,200,126,90,55
25,23,11,26,21,24,33,28,193,127,111,39
30,30,11,20,26,25,33,28,200,134,87,38
17,25,10,23,22,21,31,29,196,148,111,61
28,23,10,21,26,23,30,28,196,149,97,63
26,27,10,20,27,17,34,28,200,150,74,56
18,28,10,25,24,31,28,27,190,148,92,49
30,28,10,21,29,19,37,24,189,142,108,57
23,21,11,23,25,24,27,28,196,124,95,47
30,24,10,27,27,29,37,29,194,132,79,62
24,22,10,21,33,32,32,29,200,138,110,55
17,20,10,20,31,19,36,29,188,142,72,55
29,23,10,32,28,31,27,29,194,129,84,40
21,20,10,23,34,32,32,29,200,115,78,52
21,20,10,31,27,20,37,30,196,129,96,32
16,26,10,28,24,30,39,29,198,126,68,49
18,24,10,25,21,27,31,26,200,148,69,38
27,21,10,20,20,28,32,30,197,113,98,33
22,20,13,30,33,25,35,27,199,120,90,54
16,20,10,27,25,26,36,29,198,147,100,48
16,23,13,22,29,34,38,28,200,137,71,35
27,20,10,22,33,28,33,29,188,116,88,50
19,21,14,28,26,29,30,29,175,147,85,37
16,20,14,23,31,31,35,29,196,142,93,29
15,20,14,21,26,29,37,29,199,118,82,40
15,23,15,31,24,35,37,28,180,123,62,41
19,20,11,31,35,34,39,29,187,143,65,26
19,21,11,36,30,28,33,27,198,115,66,37
19,21,11,33,22,36,36,30,191,113,79,44
19,21,10,34,22,31,39,28,180,145,84,38
18,20,10,35,38,26,38,29,200,119,75,26
15,20,13,36,40,29,39,29,194,141,91,43
22,21,11,37,26,35,35,29,171,124,80,49
18,20,10,22,33,28,33,29,189,123,90,26
15,20,11,24,24,32,37,29,173,96,96,47
19,20,17,25,30,37,38,29,197,138,59,29
15,21,15,26,31,26,37,29,187,118,92,47
22,21,10,23,32,33,39,29,164,125,55,38
15,21,15,24,29,36,39,29,188,132,58,29
15,20,10,28,39,26,39,29,171,113,88,23
15,20,14,36,37,38,39,30,197,96,61,25
15,20,18,27,32,38,38,29,197,89,60,32
16,20,10,32,29,28,39,29,154,101,56,23
19,20,18,25,33,27,39,29,162,112,67,40
16,20,11,33,34,29,39,29,170,103,46,40
18,22,14,40,29,28,37,27,180,100,45,23
16,20,17,25,43,38,38,28,193,116,60,31
15,20,10,38,42,36,40,29,188,110,70,35
17,20,16,41,39,28,39,27,190,124,82,23
19,25,16,42,38,34,35,29,158,124,61,31
15,20,15,42,28,35,39,29,164,80,70,36
18,20,21,37,29,38,37,29,181,86,56,22
15,20,11,27,31,35,36,26,169,125,81,34
15,20,11,44,43,36,40,29,173,90,53,23
15,20,12,27,31,38,39,26,158,104,44,31
16,25,12,46,37,36,39,29,167,89,56,26
16,20,13,28,31,33,39,30,186,129,79,24
15,21,17,29,34,31,39,28,194,118,74,25
16,20,12,41,44,36,39,26,190,118,60,26
15,20,21,28,30,33,39,29,180,88,61,23
15,22,14,33,39,38,38,24,134,72,56,36
15,20,14,47,39,37,38,30,183,124,74,20
15,22,17,42,34,38,39,27,156,113,62,20
16,25,19,42,33,35,39,24,149,113,36,22
15,20,25,49,43,40,40,29,186,110,37,30
15,22,12,39,34,39,39,30,149,67,61,20
16,20,12,49,41,33,38,26,137,113,73,34
15,30,21,41,36,34,38,29,135,83,68,33
16,25,21,39,44,40,40,28,167,96,55,23
15,20,16,47,43,38,38,27,178,100,49,20
16,20,23,50,39,40,38,24,182,104,37,24
16,22,21,35,37,34,39,29,130,87,54,32
16,20,13,49,40,40,40,29,132,67,64,23
15,32,25,43,45,36,39,25,150,97,58,20
18,24,20,35,44,37,36,24,165,59,65,23
15,22,15,35,48,36,40,26,169,65,37,20
19,33,13,34,38,35,39,23,169,66,32,20
17,25,23,39,46,36,38,26,170,87,51,27
15,20,28,34,47,40,38,22,175,60,39,22
15,32,24,46,38,37,39,26,105,74,54,24
19,26,27,42,38,39,39,23,123,103,58,25
15,22,20,49,47,39,39,28,105,87,55,22
15,25,16,50,39,39,39,29,167,81,36,20
15,22,20,43,43,39,39,28,158,95,42,20
17,27,22,39,39,40,40,27,109,102,46,26
15,22,15,43,48,40,35,26,137,93,39,20
19,26,16,54,48,39,34,23,164,60,51,21
15,31,26,46,45,38,39,26,162,60,50,20
15,29,17,50,44,39,36,27,149,57,54,20
16,24,29,39,40,40,37,27,131,93,34,20
17,35,28,55,47,39,39,25,164,51,32,20
15,25,31,49,50,39,38,26,103,67,30,23
21,31,27,45,41,40,34,27,160,59,30,20
17,23,32,41,49,39,35,27,98,67,31,21
20,28,23,52,48,40,34,22,126,85,51,22
15,25,28,53,45,38,38,22,131,93,37,21
21,25,29,50,46,39,35,22,92,59,38,23
15,33,32,56,43,38,36,17,119,49,31,21
17,31,29,57,45,40,39,26,158,83,30,22
21,25,29,48,49,37,31,20,118,58,48,20
24,24,32,49,44,39,37,22,101,49,31,24
15,28,27,56,45,39,33,26,141,44,30,20
16,37,30,53,47,39,33,20,101,54,42,20
19,33,28,51,49,37,33,15,141,60,42,20
15,25,29,48,44,40,38,25,80,77,38,21
16,33,31,56,48,40,37,21,132,48,41,20
17,29,30,56,45,40,37,17,103,75,33,24
18,30,32,53,46,39,39,23,104,42,30,21
19,38,32,55,48,38,37,19,89,62,32,23
23,26,32,59,48,40,33,21,78,60,35,20
18,33,25,48,47,36,31,24,82,68,30,20
17,28,34,55,49,40,32,19,132,47,36,20
22,26,34,56,49,38,30,17,82,60,31,27
27,40,25,56,50,39,29,24,78,67,30,22
21,36,34,58,46,39,38,13,105,41,30,26
29,32,30,57,47,38,33,15,134,42,30,25
16,41,31,50,49,37,38,21,121,51,30,23
18,39,34,56,48,34,29,22,85,41,31,27
16,43,26,58,46,39,33,21,73,41,30,31
17,48,25,51,50,39,33,21,68,43,31,25
20,46,25,52,49,39,38,12,74,42,32,23
18,47,37,59,48,37,28,23,89,62,30,30
18,36,24,51,48,39,37,23,94,42,33,20
26,40,27,52,49,37,28,11,113,40,32,30
26,41,36,60,49,36,28,20,118,63,35,32
32,45,25,56,49,33,35,22,74,49,33,27
18,35,34,59,48,39,34,19,87,41,31,35
19,50,26,57,49,39,34,23,63,55,35,32
28,44,28,59,48,38,33,19,74,50,35,26
28,40,32,54,49,32,35,14,69,47,31,26
33,33,27,57,47,38,33,13,117,52,31,20
23,42,28,60,48,34,34,17,66,47,33,22
28,50,37,52,47,39,34,17,99,49,31,31
18,37,35,53,50,37,31,20,73,41,32,38
26,50,37,57,47,36,31,15,73,50,36,35
19,38,29,60,48,36,33,17,80,51,31,21
30,45,31,59,47,33,31,21,99,40,30,28
20,38,37,59,49,29,31,21,61,55,41,26
34,51,39,55,49,38,32,20,53,43,30,36
32,42,29,56,47,36,31,14,53,41,30,21
20,53,39,60,49,39,31,11,55,42,38,36
29,41,31,54,50,29,23,19,89,41,37,35
23,39,38,58,50,38,32,9,94,44,30,22
31,48,35,59,47,38,22,19,71,45,39,32
33,50,35,55,45,38,27,8,59,40,32,26
30,47,34,55,50,37,33,11,82,48,30,34
25,40,34,60,43,34,21,10,73,41,35,26
31,52,34,58,49,30,20,12,74,50,30,35
30,54,38,59,48,33,26,9,65,49,31,22
28,46,38,60,48,29,27,10,61,40,44,26
28,54,35,59,49,36,29,13,62,41,47,37
31,52,38,58,42,38,32,9,52,42,30,35
30,55,32,58,49,26,22,13,56,42,49,27
39,56,39,59,41,37,25,15,50,43,42,35
24,55,33,59,47,35,18,10,50,40,30,26
29,41,38,58,42,27,19,7,65,41,31,29
37,57,34,57,50,35,26,11,56,42,41,41
34,45,39,58,48,27,25,16,82,46,51,48
26,57,38,57,48,31,28,8,53,44,44,39
26,41,39,59,47,29,29,12,62,41,54,27
27,43,39,59,48,27,30,13,69,46,49,41
34,45,39,57,48,26,21,10,50,40,39,39
38,55,39,59,49,34,26,13,62,40,40,49
40,58,40,59,40,24,15,10,55,40,58,54
32,50,40,60,45,23,21,6,65,46,52,47
37,49,40,55,49,26,23,7,67,49,38,32
34,57,38,60,49,22,26,8,51,46,43,32
37,58,39,55,48,28,25,6,50,41,32,51
30,49,36,57,48,35,24,6,50,48,31,42
34,45,39,54,45,27,18,12,50,43,31,35
34,48,39,55,47,28,28,8,51,40,44,45
40,54,37,58,44,31,14,12,66,44,60,35
33,56,39,59,43,30,25,10,53,40,37,57
32,54,39,53,47,23,24,13,55,49,53,38
42,52,39,59,38,22,15,7,53,40,33,41
31,49,40,60,35,33,24,7,50,60,53,51
34,48,39,59,42,28,24,12,51,40,42,53
34,57,40,59,44,24,17,11,53,44,56,57
31,56,39,53,45,24,24,7,55,49,37,33
45,51,37,52,48,23,22,5,50,48,42,47
41,53,38,60,44,32,18,10,60,41,42,47
34,59,38,51,47,31,24,7,62,40,72,51
42,59,39,59,37,26,24,5,52,41,53,48
34,57,40,54,37,19,15,8,51,53,54,55
46,52,40,59,44,24,20,10,51,41,70,51
42,56,38,59,43,31,22,6,60,40,65,56
43,52,38,57,42,18,13,9,53,54,71,61
45,58,38,59,36,28,17,5,50,42,43,49
44,56,39,59,44,18,11,9,50,40,58,43
45,58,39,59,36,19,13,9,52,46,46,43
41,59,39,57,42,17,18,5,59,42,52,39
48,58,39,57,35,19,11,8,52,70,66,49
48,54,38,55,40,20,17,5,50,55,56,51
40,56,37,58,30,17,11,5,63,47,47,68
43,56,39,47,39,17,16,7,62,54,77,64
48,59,38,58,32,22,19,5,53,52,46,65
44,59,37,48,34,17,21,6,50,65,62,47
43,59,38,53,34,16,14,5,52,45,62,41
46,58,39,55,41,19,18,6,61,79,44,43
37,59,37,49,33,20,17,6,54,49,53,56
38,59,40,58,43,21,19,6,62,77,75,57
49,55,40,59,41,20,15,5,56,72,77,61
48,59,38,50,41,14,19,5,65,48,56,49
48,55,39,50,34,16,10,5,65,50,45,49
45,57,40,57,27,15,17,5,57,45,58,60
44,59,36,43,27,13,10,5,50,63,50,70
46,58,34,56,30,26,10,6,50,60,53,66
44,59,37,43,41,14,10,5,62,82,86,71
49,58,34,51,32,14,12,5,50,44,70,68
49,59,34,44,29,15,11,6,56,79,87,64
43,57,35,49,35,12,13,6,71,49,73,65
49,57,37,44,41,16,17,6,55,83,67,50
47,59,35,53,32,18,15,5,57,62,58,63
48,59,35,41,35,17,14,5,65,70,90,74
44,59,34,40,32,24,10,5,59,62,96,73
41,57,39,41,35,20,15,5,50,65,72,52
48,57,38,55,36,12,17,5,67,64,71,72
46,60,33,48,25,15,13,5,62,58,96,59
44,59,39,50,28,13,16,5,63,79,81,75
46,59,38,54,38,16,13,6,60,55,91,56
45,60,39,41,36,22,14,6,89,76,56,76
47,57,34,40,33,14,14,7,62,54,60,74
44,60,31,42,30,12,15,5,94,51,93,74
49,59,33,53,29,13,14,5,52,99,70,65
48,58,33,50,26,21,10,5,99,76,97,67
50,60,37,47,22,11,11,6,93,92,92,73
50,58,37,54,21,11,13,5,95,72,66,69
49,56,36,42,30,12,10,5,59,77,70,75
49,59,29,47,23,20,11,6,55,91,94,73
49,59,31,38,35,12,10,5,74,65,84,74
48,59,37,45,20,15,10,5,89,86,67,69
49,59,31,36,21,16,11,5,74,109,91,60
50,60,30,39,20,12,10,5,56,100,66,74
46,57,37,35,23,15,11,5,68,108,79,79
48,58,31,52,22,16,10,6,91,84,98,76
48,57,33,47,19,18,11,5,64,84,92,64
49,59,38,50,27,14,12,7,95,62,100,79
49,59,31,52,19,10,10,5,107,92,88,73
47,60,30,49,23,13,10,6,77,102,96,79
48,53,29,48,22,11,11,7,58,76,97,77
47,59,30,32,32,16,10,5,62,76,108,80
48,57,34,36,20,13,10,5,107,85,112,79
50,58,34,36,22,15,10,7,109,98,98,71
49,59,25,36,32,10,10,6,69,106,91,79
49,60,30,38,19,10,10,6,85,71,96,69
47,59,26,39,17,13,10,5,80,87,91,75
49,52,37,36,30,15,10,5,103,96,95,76
49,51,27,43,26,13,10,7,114,82,89,79
49,59,24,46,17,10,11,5,78,90,84,78
49,59,35,42,26,10,10,5,67,110,115,78
49,50,26,40,20,15,11,8,131,125,111,72
50,51,32,37,23,14,12,7,65,96,100,73
49,48,36,45,26,10,11,12,117,110,114,78
46,49,26,45,19,10,10,9,85,86,116,78
49,57,34,34,24,10,13,9,74,115,96,75
48,57,25,28,28,15,11,5,84,119,114,79
49,50,24,33,16,12,11,7,127,112,105,80
47,59,22,44,22,13,11,8,95,97,116,71
46,49,31,30,28,12,13,6,112,119,101,80
49,59,31,36,15,11,10,7,89,87,115,80
46,47,29,31,25,11,10,7,84,124,105,77
49,54,23,38,23,10,11,10,100,127,115,77
47,48,24,32,16,10,14,12,94,112,113,78
50,55,30,36,23,12,14,12,127,93,90,80
47,58,19,43,24,10,10,6,93,95,115,79
45,44,27,42,21,10,10,9,137,135,119,79
50,54,22,24,25,10,12,8,131,132,101,79
47,47,27,36,16,12,10,6,137,119,118,80
45,42,33,38,19,10,10,13,80,108,104,77
47,54,32,39,15,10,13,6,127,123,112,79
49,56,26,29,16,10,10,9,117,93,114,78
49,57,18,25,15,11,10,9,135,137,119,79
49,51,26,33,20,10,16,15,131,110,120,79
47,52,27,23,19,10,11,12,107,135,118,77
48,52,31,33,19,11,10,6,89,96,119,79
46,40,21,22,15,10,11,10,144,125,98,76
49,42,21,37,17,10,10,13,122,138,107,78
40,42,26,28,21,11,10,17,139,105,119,77
48,53,30,32,15,10,13,8,94,101,119,79
50,55,25,35,21,10,16,10,117,112,116,79
47,56,30,25,15,10,12,12,158,132,115,79
40,52,16,22,17,11,13,9,118,129,118,74
38,38,27,28,15,10,10,8,152,139,120,77
48,55,28,29,15,11,11,19,170,146,113,79
47,40,22,23,15,11,16,16,118,142,117,79
47,51,17,35,17,10,15,11,146,112,111,79
48,43,22,26,15,10,14,12,140,145,119,79
46,40,22,24,16,12,15,15,160,128,115,74
46,35,26,32,16,10,14,14,105,114,117,79
47,44,23,22,15,10,10,20,170,139,116,77
40,41,20,25,17,10,11,18,149,145,118,80
39,34,27,22,16,10,11,12,164,110,115,71
37,46,20,20,15,10,11,9,137,143,114,80
44,35,21,21,15,13,14,11,179,134,119,71
42,46,16,23,16,12,14,10,172,148,119,79
48,36,19,24,15,11,20,15,181,136,120,71
35,41,16,20,15,14,17,12,158,120,120,70
38,35,13,29,15,11,11,19,122,146,120,79
46,49,17,20,15,15,20,19,158,137,117,77
43,49,23,30,16,13,16,19,171,129,117,77
45,50,13,20,16,14,13,17,141,128,117,77
45,34,14,28,15,13,12,13,175,135,114,66
44,39,24,24,15,15,18,22,167,144,120,80
38,33,12,22,15,13,18,15,141,121,117,71
41,44,14,27,16,13,24,11,131,135,119,67
43,44,20,28,15,12,12,21,180,150,117,74
44,39,15,26,15,10,21,12,171,147,120,71
41,36,14,23,15,11,20,18,130,148,115,77
32,45,23,20,16,16,20,15,180,149,116,63
30,33,16,22,15,12,15,12,185,143,119,78
37,32,11,20,15,10,17,20,170,143,120,75
34,38,17,20,16,17,16,16,134,148,118,71
43,28,12,27,15,10,24,17,171,149,120,69
31,40,11,20,15,14,22,22,143,147,119,74
45,39,22,23,15,14,26,13,167,147,117,77
31,41,12,25,15,19,20,15,152,142,119,72
33,42,19,21,15,10,14,22,196,147,114,78
44,37,11,24,15,13,19,20,172,147,118,60
32,36,19,21,15,13,16,25,188,143,110,61
34,39,17,20,15,16,18,22,194,150,120,76
37,32,15,20,17,18,23,15,192,145,119,60
27,33,16,20,15,21,26,19,196,150,120,61
29,41,10,20,17,12,15,23,194,148,112,62
40,31,10,20,15,12,19,23,169,148,105,68
41,32,11,20,15,15,28,22,182,148,120,77
33,32,10,20,15,21,17,18,152,149,118,74
40,24,14,20,15,15,26,16,160,150,115,68
37,30,10,22,15,11,17,18,164,149,119,63
38,39,16,20,19,12,20,20,176,149,120,71
30,39,16,21,20,20,31,22,197,146,111,72
27,24,13,21,15,13,29,26,172,150,113,52
26,31,12,21,16,17,17,17,186,149,120,75
26,27,17,20,20,13,23,27,164,149,111,75
33,25,10,20,17,13,22,21,174,148,110,70
40,22,10,20,17,23,19,23,198,142,113,71
33,32,13,22,21,13,25,18,175,144,120,55
25,33,15,20,15,21,19,22,173,150,119,55
29,29,16,20,15,23,19,26,179,144,109,68
37,24,10,20,16,20,31,21,188,149,117,69
23,29,11,20,20,18,33,26,197,146,98,49
26,27,10,21,15,13,33,21,188,145,98,47
35,23,12,22,22,13,26,22,197,148,119,50
38,26,11,20,15,14,27,27,200,146,115,65
34,29,12,24,20,22,25,22,182,149,103,61
26,25,10,21,16,14,33,22,179,146,118,61
34,31,10,21,15,18,29,24,176,149,111,72
30,23,10,21,22,20,27,27,183,150,114,64
22,23,10,24,16,24,23,27,187,149,115,60
35,22,13,25,16,18,34,23,198,146,110,45
29,28,10,22,15,17,21,20,180,150,116,68
27,23,10,20,17,21,26,26,198,136,107,50
22,31,13,20,27,25,35,27,198,144,114,69
30,29,10,20,16,23,22,24,197,147,87,44
32,20,10,25,26,29,35,28,188,145,103,67
28,20,10,21,19,18,29,29,199,131,98,47
24,25,12,20,25,17,27,28,196,135,84,59
18,21,10,25,27,20,27,24,187,148,113,48
32,29,10,20,23,19,32,28,188,129,100,41
33,26,10,22,27,23,28,22,200,146,102,38
20,30,10,20,16,29,35,26,196,136,107,55
20,27,10,20,25,30,25,29,194,150,90,57
30,21,11,20,23,26,28,28,199,150,100,46
23,22,10,23,17,26,32,27,197,141,112,59
18,20,10,26,31,19,24,28,192,124,114,49
29,25,10,23,32,32,38,28,194,137,76,63
30,20,10,20,21,27,30,29,192,142,112,64
23,20,10,26,20,31,28,28,193,134,77,36
19,26,12,20,33,22,31,29,197,148,79,50
17,20,10,21,18,27,28,30,192,136,96,53
16,20,10,27,26,29,37,28,193,120,96,58
17,25,10,20,18,26,30,29,196,138,104,45
21,20,11,22,29,23,34,29,198,143,79,32
20,20,10,20,32,28,38,30,198,142,97,44
25,20,10,22,27,27,31,28,200,131,97,57
16,20,12,21,23,32,39,29,200,144,106,38
24,20,10,25,26,30,34,28,199,118,108,58
17,20,10,22,31,25,37,29,198,115,80,47
16,22,10,21,20,34,30,29,187,132,82,56
22,22,14,21,31,31,30,27,197,122,70,55
17,22,10,28,23,34,36,29,198,141,106,43
16,20,10,25,21,22,39,29,193,138,88,44
20,20,12,21,25,23,32,29,197,113,104,41
15,20,10,28,32,25,39,28,198,141,93,49
19,20,15,30,20,23,31,29,200,113,94,54
19,24,10,25,27,24,39,29,196,113,79,34
24,20,11,29,29,35,39,29,191,132,100,49
18,20,11,37,38,36,33,28,194,141,80,35
17,22,11,28,23,33,36,29,199,138,93,47
16,20,14,37,26,31,36,29,197,105,97,50
16,21,16,31,26,34,32,28,200,139,58,29
17,21,10,25,23,37,39,29,200,127,86,52
17,21,11,36,37,31,32,30,200,104,80,43
19,20,11,32,28,34,39,29,185,126,53,28
16,21,15,32,39,35,39,28,164,127,53,27
22,20,12,27,39,27,37,29,171,139,92,37
17,21,11,32,40,30,40,29,200,136,58,35
22,20,11,30,24,28,37,28,191,138,94,23
17,21,11,30,36,26,37,30,196,128,91,43
15,21,11,41,34,34,40,29,171,136,90,27
16,20,14,34,29,32,38,28,196,108,67,24
15,20,10,29,41,37,40,28,179,119,90,24
15,20,15,27,42,30,37,29,196,113,92,24
15,21,10,24,34,37,37,30,164,135,74,32
15,20,13,25,41,30,38,29,192,134,67,28
15,20,18,29,43,32,38,29,191,87,79,26
19,20,13,33,41,29,39,29,190,134,62,32
15,20,13,38,32,33,35,27,193,135,56,36
15,20,16,28,34,35,39,29,188,131,74,36
19,20,15,44,40,39,35,28,189,88,78,27
15,21,15,42,30,38,37,30,164,83,63,29
15,20,16,35,41,39,39,30,173,85,66,22
15,20,11,40,45,39,38,27,143,79,50,32
18,20,20,43,41,38,39,28,185,97,59,22
17,24,19,41,43,39,40,30,181,128,48,25
15,21,21,35,35,39,38,28,184,113,67,35
17,25,11,46,33,39,39,29,173,117,65,31
15,20,14,28,44,37,39,30,185,126,79,21
16,26,20,40,45,39,39,29,169,73,73,22
15,23,13,47,42,36,37,30,176,96,75,20
15,20,19,29,37,39,39,26,164,116,39,20
15,21,23,46,42,37,38,29,185,88,75,20
17,24,12,30,43,38,40,29,156,81,38,36
15,28,12,41,35,35,38,30,172,73,58,24
15,29,12,38,38,39,39,27,155,70,49,30
16,21,23,41,38,33,38,25,167,122,67,27
15,28,15,49,47,39,38,26,135,84,50,20
17,21,17,39,43,35,39,28,185,97,73,20
17,21,25,44,42,34,38,24,121,101,40,29
15,26,16,35,38,34,37,24,154,87,56,24
15,31,26,41,39,39,38,29,144,117,61,21
15,30,23,49,37,37,38,24,170,81,67,20
15,27,21,40,39,38,39,27,148,96,42,20
15,23,18,36,44,38,40,28,181,79,40,20
15,31,23,34,38,34,39,26,114,70,46,20
16,25,15,34,38,40,39,22,182,67,34,25
15,32,20,38,42,40,39,23,146,95,59,20
17,21,16,51,44,39,36,22,179,60,39,24
15,27,18,43,48,40,39,29,152,62,55,20
15,26,21,52,36,39,35,22,121,91,55,20
15,20,28,46,41,40,37,28,121,95,59,26
19,29,18,50,48,39,39,21,134,86,59,24
15,32,28,51,45,39,35,28,156,84,49,21
19,23,23,38,38,39,38,24,109,58,51,20
15,32,29,44,38,37,39,22,123,80,51,20
16,23,18,50,40,37,39,23,99,70,33,20
15,21,20,45,47,39,39,28,118,52,30,20
17,32,30,52,41,38,40,24,131,65,40,23
15,35,19,42,47,37,38,27,162,98,47,20
15,22,19,52,47,40,40,19,126,83,31,20
15,33,23,51,42,40,39,23,137,73,34,20
16,23,17,55,44,39,39,27,105,84,31,24
15,38,28,56,45,38,38,28,158,90,35,22
19,27,21,46,47,40,36,25,122,48,46,20
18,36,25,54,46,39,38,18,117,52,30,22
19,37,22,42,43,39,36,18,152,48,30,21
19,30,21,49,41,38,37,25,137,81,35,20
16,26,21,53,49,39,38,18,92,55,51,21
19,23,22,50,48,39,39,17,98,89,48,21
18,40,24,47,49,37,32,23,116,51,30,22
20,24,21,55,43,38,34,22,144,51,49,22
15,41,30,47,48,40,34,27,87,47,34,23
15,31,29,55,50,39,33,22,154,70,35,20
15,25,20,50,50,39,34,25,121,80,33,24
20,35,32,58,49,40,39,26,135,79,33,23
16,37,25,56,48,40,38,17,128,58,44,26
16,33,34,47,49,38,34,17,77,66,43,25
24,38,25,57,46,39,34,25,140,66,30,26
15,34,27,56,49,36,38,18,95,81,31,20
24,26,27,56,46,38,32,26,143,58,35,24
15,45,35,56,49,39,37,18,144,77,32,20
26,45,31,52,49,39,38,19,89,50,30,28
21,44,25,49,47,36,30,21,95,47,34,23
17,42,26,56,49,39,38,23,135,67,31,20
20,28,27,48,49,39,32,14,131,42,31,20
18,44,25,53,49,37,30,23,92,69,30,20
16,37,28,59,47,35,38,21,119,57,31,20
20,42,28,59,47,37,27,14,98,43,33,20
29,45,33,58,48,34,35,17,128,47,33,20
